<?xml version="1.0" encoding="UTF-8"?>
<!-- Generated by org.testng.reporters.JUnitReportReporter -->
<testsuite hostname="apples-MBP" failures="0" tests="2" name="com.sparkrock.tausif.tests.LoginTest" time="25.496" errors="0" timestamp="2024-07-15T14:25:41 PKT" skipped="0">
  <testcase classname="com.sparkrock.tausif.tests.LoginTest" name="testSuccessfulLogin" time="11.874"/>
  <system-out/>
  <testcase classname="com.sparkrock.tausif.tests.LoginTest" name="testUnsuccessfulLogin" time="13.622"/>
  <system-out/>
</testsuite> <!-- com.sparkrock.tausif.tests.LoginTest -->
